\BOOKMARK [1][-]{section.1}{Objective}{}% 1
\BOOKMARK [2][-]{subsection.1.1}{Mandatory Criterias}{section.1}% 2
\BOOKMARK [2][-]{subsection.1.2}{Desired Criterias}{section.1}% 3
\BOOKMARK [2][-]{subsection.1.3}{Boundary Criterias}{section.1}% 4
\BOOKMARK [1][-]{section.2}{Produkteinsatz}{}% 5
\BOOKMARK [2][-]{subsection.2.1}{Anwendungsbereiche}{section.2}% 6
\BOOKMARK [2][-]{subsection.2.2}{Zielgruppen}{section.2}% 7
\BOOKMARK [2][-]{subsection.2.3}{Betriebsbedingungen}{section.2}% 8
\BOOKMARK [1][-]{section.3}{Product enviroment}{}% 9
\BOOKMARK [2][-]{subsection.3.1}{Software}{section.3}% 10
\BOOKMARK [2][-]{subsection.3.2}{Hardware}{section.3}% 11
\BOOKMARK [2][-]{subsection.3.3}{Orgware}{section.3}% 12
\BOOKMARK [1][-]{section.4}{Product functions}{}% 13
\BOOKMARK [2][-]{subsection.4.1}{Settings}{section.4}% 14
\BOOKMARK [2][-]{subsection.4.2}{VR-World}{section.4}% 15
\BOOKMARK [2][-]{subsection.4.3}{Vr-Mode}{section.4}% 16
\BOOKMARK [1][-]{section.5}{Produktdaten}{}% 17
\BOOKMARK [1][-]{section.6}{Produktleistungen}{}% 18
\BOOKMARK [1][-]{section.7}{User interface}{}% 19
\BOOKMARK [2][-]{subsection.7.1}{Structure}{section.7}% 20
\BOOKMARK [3][-]{subsubsection.7.1.1}{Start screen}{subsection.7.1}% 21
\BOOKMARK [3][-]{subsubsection.7.1.2}{VR-Mode}{subsection.7.1}% 22
\BOOKMARK [3][-]{subsubsection.7.1.3}{Live Data}{subsection.7.1}% 23
\BOOKMARK [3][-]{subsubsection.7.1.4}{Settings}{subsection.7.1}% 24
\BOOKMARK [2][-]{subsection.7.2}{Layout}{section.7}% 25
\BOOKMARK [1][-]{section.8}{Qualit\344tszielbestimmungen}{}% 26
\BOOKMARK [1][-]{section.9}{Global test cases}{}% 27
\BOOKMARK [1][-]{section.10}{Entwicklungsumgebung}{}% 28
\BOOKMARK [2][-]{subsection.10.1}{Software}{section.10}% 29
\BOOKMARK [2][-]{subsection.10.2}{Hardware}{section.10}% 30
\BOOKMARK [2][-]{subsection.10.3}{Orgware}{section.10}% 31
\BOOKMARK [1][-]{section.11}{Quellen}{}% 32
\BOOKMARK [1][-]{section.12}{Glossar}{}% 33
