\BOOKMARK [1][-]{section.1}{Purpose}{}% 1
\BOOKMARK [2][-]{subsection.1.1}{Product Idea and Goal}{section.1}% 2
\BOOKMARK [2][-]{subsection.1.2}{Definitions}{section.1}% 3
\BOOKMARK [3][-]{subsubsection.1.2.1}{Abbreviations}{subsection.1.2}% 4
\BOOKMARK [3][-]{subsubsection.1.2.2}{Glossary}{subsection.1.2}% 5
\BOOKMARK [3][-]{subsubsection.1.2.3}{References}{subsection.1.2}% 6
\BOOKMARK [1][-]{section.2}{Proposed Architecture}{}% 7
\BOOKMARK [2][-]{subsection.2.1}{Overview}{section.2}% 8
\BOOKMARK [2][-]{subsection.2.2}{Component Decomposition}{section.2}% 9
\BOOKMARK [3][-]{subsubsection.2.2.1}{Services}{subsection.2.2}% 10
\BOOKMARK [3][-]{subsubsection.2.2.2}{GUI}{subsection.2.2}% 11
\BOOKMARK [3][-]{subsubsection.2.2.3}{Additional Classes}{subsection.2.2}% 12
\BOOKMARK [2][-]{subsection.2.3}{Hardware/ Software mapping}{section.2}% 13
\BOOKMARK [2][-]{subsection.2.4}{Persistent data management}{section.2}% 14
\BOOKMARK [2][-]{subsection.2.5}{Global software control}{section.2}% 15
\BOOKMARK [3][-]{subsubsection.2.5.1}{Startup behavior}{subsection.2.5}% 16
\BOOKMARK [3][-]{subsubsection.2.5.2}{Interfaces}{subsection.2.5}% 17
\BOOKMARK [3][-]{subsubsection.2.5.3}{Sequences}{subsection.2.5}% 18
\BOOKMARK [1][-]{section.3}{User interface}{}% 19
\BOOKMARK [2][-]{subsection.3.1}{Structure}{section.3}% 20
\BOOKMARK [3][-]{subsubsection.3.1.1}{Start screen}{subsection.3.1}% 21
\BOOKMARK [3][-]{subsubsection.3.1.2}{VR-Mode}{subsection.3.1}% 22
\BOOKMARK [3][-]{subsubsection.3.1.3}{Live Data}{subsection.3.1}% 23
\BOOKMARK [3][-]{subsubsection.3.1.4}{Settings}{subsection.3.1}% 24
\BOOKMARK [2][-]{subsection.3.2}{Layout}{section.3}% 25
\BOOKMARK [1][-]{section.4}{Test Cases}{}% 26
